220308 16:33:39 [Note] Plugin 'FEDERATED' is disabled.
220308 16:33:39 InnoDB: The InnoDB memory heap is disabled
220308 16:33:39 InnoDB: Mutexes and rw_locks use Windows interlocked functions
220308 16:33:39 InnoDB: Compressed tables use zlib 1.2.3
220308 16:33:40 InnoDB: Initializing buffer pool, size = 47.0M
220308 16:33:40 InnoDB: Completed initialization of buffer pool
220308 16:33:40 InnoDB: highest supported file format is Barracuda.
220308 16:33:40  InnoDB: Waiting for the background threads to start
220308 16:33:41 InnoDB: 5.5.53 started; log sequence number 1595675
220308 16:33:41 [Note] Server hostname (bind-address): '0.0.0.0'; port: 3306
220308 16:33:41 [Note]   - '0.0.0.0' resolves to '0.0.0.0';
220308 16:33:41 [Note] Server socket created on IP: '0.0.0.0'.
220308 16:38:10 [Note] Plugin 'FEDERATED' is disabled.
220308 16:38:10 InnoDB: The InnoDB memory heap is disabled
220308 16:38:10 InnoDB: Mutexes and rw_locks use Windows interlocked functions
220308 16:38:10 InnoDB: Compressed tables use zlib 1.2.3
220308 16:38:10 InnoDB: Initializing buffer pool, size = 47.0M
220308 16:38:10 InnoDB: Completed initialization of buffer pool
220308 16:38:10 InnoDB: highest supported file format is Barracuda.
220308 16:38:10  InnoDB: Waiting for the background threads to start
220308 16:38:11 InnoDB: 5.5.53 started; log sequence number 1595675
220308 16:38:11 [Note] Server hostname (bind-address): '0.0.0.0'; port: 3306
220308 16:38:11 [Note]   - '0.0.0.0' resolves to '0.0.0.0';
220308 16:38:11 [Note] Server socket created on IP: '0.0.0.0'.
220309 11:38:53 [Note] Plugin 'FEDERATED' is disabled.
220309 11:38:53 InnoDB: The InnoDB memory heap is disabled
220309 11:38:53 InnoDB: Mutexes and rw_locks use Windows interlocked functions
220309 11:38:53 InnoDB: Compressed tables use zlib 1.2.3
220309 11:38:53 InnoDB: Initializing buffer pool, size = 47.0M
220309 11:38:53 InnoDB: Completed initialization of buffer pool
220309 11:38:53 InnoDB: highest supported file format is Barracuda.
InnoDB: The log sequence number in ibdata files does not match
InnoDB: the log sequence number in the ib_logfiles!
220309 11:38:53  InnoDB: Database was not shut down normally!
InnoDB: Starting crash recovery.
InnoDB: Reading tablespace information from the .ibd files...
InnoDB: Restoring possible half-written data pages from the doublewrite
InnoDB: buffer...
220309 11:38:53  InnoDB: Waiting for the background threads to start
220309 11:38:54 InnoDB: 5.5.53 started; log sequence number 1606558
220309 11:38:54 [Note] Server hostname (bind-address): '0.0.0.0'; port: 3306
220309 11:38:54 [Note]   - '0.0.0.0' resolves to '0.0.0.0';
220309 11:38:54 [Note] Server socket created on IP: '0.0.0.0'.
220310 14:02:36 [Note] Plugin 'FEDERATED' is disabled.
220310 14:02:36 InnoDB: The InnoDB memory heap is disabled
220310 14:02:36 InnoDB: Mutexes and rw_locks use Windows interlocked functions
220310 14:02:36 InnoDB: Compressed tables use zlib 1.2.3
220310 14:02:36 InnoDB: Initializing buffer pool, size = 47.0M
220310 14:02:36 InnoDB: Completed initialization of buffer pool
220310 14:02:36 InnoDB: highest supported file format is Barracuda.
InnoDB: The log sequence number in ibdata files does not match
InnoDB: the log sequence number in the ib_logfiles!
220310 14:02:36  InnoDB: Database was not shut down normally!
InnoDB: Starting crash recovery.
InnoDB: Reading tablespace information from the .ibd files...
InnoDB: Restoring possible half-written data pages from the doublewrite
InnoDB: buffer...
220310 14:02:36  InnoDB: Waiting for the background threads to start
220310 14:02:37 InnoDB: 5.5.53 started; log sequence number 1612205
220310 14:02:37 [Note] Server hostname (bind-address): '0.0.0.0'; port: 3306
220310 14:02:37 [Note]   - '0.0.0.0' resolves to '0.0.0.0';
220310 14:02:37 [Note] Server socket created on IP: '0.0.0.0'.
220310 16:18:20 [Note] Plugin 'FEDERATED' is disabled.
220310 16:18:20 InnoDB: The InnoDB memory heap is disabled
220310 16:18:20 InnoDB: Mutexes and rw_locks use Windows interlocked functions
220310 16:18:20 InnoDB: Compressed tables use zlib 1.2.3
220310 16:18:20 InnoDB: Initializing buffer pool, size = 47.0M
220310 16:18:20 InnoDB: Completed initialization of buffer pool
220310 16:18:20 InnoDB: highest supported file format is Barracuda.
InnoDB: The log sequence number in ibdata files does not match
InnoDB: the log sequence number in the ib_logfiles!
220310 16:18:20  InnoDB: Database was not shut down normally!
InnoDB: Starting crash recovery.
InnoDB: Reading tablespace information from the .ibd files...
InnoDB: Restoring possible half-written data pages from the doublewrite
InnoDB: buffer...
220310 16:18:20  InnoDB: Waiting for the background threads to start
220310 16:18:21 InnoDB: 5.5.53 started; log sequence number 1612205
220310 16:18:21 [Note] Server hostname (bind-address): '0.0.0.0'; port: 3306
220310 16:18:21 [Note]   - '0.0.0.0' resolves to '0.0.0.0';
220310 16:18:21 [Note] Server socket created on IP: '0.0.0.0'.
220315 12:01:47 [Note] Plugin 'FEDERATED' is disabled.
220315 12:01:47 InnoDB: The InnoDB memory heap is disabled
220315 12:01:47 InnoDB: Mutexes and rw_locks use Windows interlocked functions
220315 12:01:47 InnoDB: Compressed tables use zlib 1.2.3
220315 12:01:47 InnoDB: Initializing buffer pool, size = 47.0M
220315 12:01:47 InnoDB: Completed initialization of buffer pool
220315 12:01:47 InnoDB: highest supported file format is Barracuda.
InnoDB: The log sequence number in ibdata files does not match
InnoDB: the log sequence number in the ib_logfiles!
220315 12:01:47  InnoDB: Database was not shut down normally!
InnoDB: Starting crash recovery.
InnoDB: Reading tablespace information from the .ibd files...
InnoDB: Restoring possible half-written data pages from the doublewrite
InnoDB: buffer...
220315 12:01:47  InnoDB: Waiting for the background threads to start
220315 12:01:48 [Note] Plugin 'FEDERATED' is disabled.
220315 12:01:48 InnoDB: The InnoDB memory heap is disabled
220315 12:01:48 InnoDB: Mutexes and rw_locks use Windows interlocked functions
220315 12:01:48 InnoDB: Compressed tables use zlib 1.2.3
220315 12:01:48 InnoDB: Initializing buffer pool, size = 47.0M
220315 12:01:48 InnoDB: Completed initialization of buffer pool
220315 12:01:48 InnoDB: highest supported file format is Barracuda.
InnoDB: The log sequence number in ibdata files does not match
InnoDB: the log sequence number in the ib_logfiles!
220315 12:01:48  InnoDB: Database was not shut down normally!
InnoDB: Starting crash recovery.
InnoDB: Reading tablespace information from the .ibd files...
InnoDB: Restoring possible half-written data pages from the doublewrite
InnoDB: buffer...
220315 12:01:48  InnoDB: Waiting for the background threads to start
220315 12:01:49 InnoDB: 5.5.53 started; log sequence number 1644955
220315 12:01:49 [Note] Server hostname (bind-address): '0.0.0.0'; port: 3306
220315 12:01:49 [Note]   - '0.0.0.0' resolves to '0.0.0.0';
220315 12:01:49 [Note] Server socket created on IP: '0.0.0.0'.
220317  9:49:54 [Note] Plugin 'FEDERATED' is disabled.
220317  9:49:54 InnoDB: The InnoDB memory heap is disabled
220317  9:49:54 InnoDB: Mutexes and rw_locks use Windows interlocked functions
220317  9:49:54 InnoDB: Compressed tables use zlib 1.2.3
220317  9:49:54 InnoDB: Initializing buffer pool, size = 47.0M
220317  9:49:54 InnoDB: Completed initialization of buffer pool
220317  9:49:54 InnoDB: highest supported file format is Barracuda.
InnoDB: The log sequence number in ibdata files does not match
InnoDB: the log sequence number in the ib_logfiles!
220317  9:49:54  InnoDB: Database was not shut down normally!
InnoDB: Starting crash recovery.
InnoDB: Reading tablespace information from the .ibd files...
InnoDB: Restoring possible half-written data pages from the doublewrite
InnoDB: buffer...
220317  9:49:54  InnoDB: Waiting for the background threads to start
220317  9:49:55 InnoDB: 5.5.53 started; log sequence number 1650078
220317  9:49:55 [Note] Server hostname (bind-address): '0.0.0.0'; port: 3306
220317  9:49:55 [Note]   - '0.0.0.0' resolves to '0.0.0.0';
220317  9:49:55 [Note] Server socket created on IP: '0.0.0.0'.
220321  9:36:53 [Note] Plugin 'FEDERATED' is disabled.
220321  9:36:53 InnoDB: The InnoDB memory heap is disabled
220321  9:36:53 InnoDB: Mutexes and rw_locks use Windows interlocked functions
220321  9:36:53 InnoDB: Compressed tables use zlib 1.2.3
220321  9:36:53 InnoDB: Initializing buffer pool, size = 47.0M
220321  9:36:53 InnoDB: Completed initialization of buffer pool
220321  9:36:53 InnoDB: highest supported file format is Barracuda.
InnoDB: The log sequence number in ibdata files does not match
InnoDB: the log sequence number in the ib_logfiles!
220321  9:36:53  InnoDB: Database was not shut down normally!
InnoDB: Starting crash recovery.
InnoDB: Reading tablespace information from the .ibd files...
InnoDB: Restoring possible half-written data pages from the doublewrite
InnoDB: buffer...
220321  9:36:53  InnoDB: Waiting for the background threads to start
220321  9:36:54 InnoDB: 5.5.53 started; log sequence number 1670760
220321  9:36:54 [Note] Server hostname (bind-address): '0.0.0.0'; port: 3306
220321  9:36:54 [Note]   - '0.0.0.0' resolves to '0.0.0.0';
220321  9:36:54 [Note] Server socket created on IP: '0.0.0.0'.
220324 16:29:57 [Note] Plugin 'FEDERATED' is disabled.
220324 16:29:57 InnoDB: The InnoDB memory heap is disabled
220324 16:29:57 InnoDB: Mutexes and rw_locks use Windows interlocked functions
220324 16:29:57 InnoDB: Compressed tables use zlib 1.2.3
220324 16:29:57 InnoDB: Initializing buffer pool, size = 47.0M
220324 16:29:57 InnoDB: Completed initialization of buffer pool
220324 16:29:57 InnoDB: highest supported file format is Barracuda.
InnoDB: The log sequence number in ibdata files does not match
InnoDB: the log sequence number in the ib_logfiles!
220324 16:29:57  InnoDB: Database was not shut down normally!
InnoDB: Starting crash recovery.
InnoDB: Reading tablespace information from the .ibd files...
InnoDB: Restoring possible half-written data pages from the doublewrite
InnoDB: buffer...
220324 16:29:57  InnoDB: Waiting for the background threads to start
220324 16:29:58 InnoDB: 5.5.53 started; log sequence number 1673641
220324 16:29:58 [Note] Server hostname (bind-address): '0.0.0.0'; port: 3306
220324 16:29:58 [Note]   - '0.0.0.0' resolves to '0.0.0.0';
220324 16:29:58 [Note] Server socket created on IP: '0.0.0.0'.
220328 16:44:28 [Note] Plugin 'FEDERATED' is disabled.
220328 16:44:28 InnoDB: The InnoDB memory heap is disabled
220328 16:44:28 InnoDB: Mutexes and rw_locks use Windows interlocked functions
220328 16:44:28 InnoDB: Compressed tables use zlib 1.2.3
220328 16:44:28 InnoDB: Initializing buffer pool, size = 47.0M
220328 16:44:28 InnoDB: Completed initialization of buffer pool
220328 16:44:28 InnoDB: highest supported file format is Barracuda.
InnoDB: The log sequence number in ibdata files does not match
InnoDB: the log sequence number in the ib_logfiles!
220328 16:44:28  InnoDB: Database was not shut down normally!
InnoDB: Starting crash recovery.
InnoDB: Reading tablespace information from the .ibd files...
InnoDB: Restoring possible half-written data pages from the doublewrite
InnoDB: buffer...
220328 16:44:28  InnoDB: Waiting for the background threads to start
220328 16:44:29 InnoDB: 5.5.53 started; log sequence number 1673651
220328 16:44:29 [Note] Server hostname (bind-address): '0.0.0.0'; port: 3306
220328 16:44:29 [Note]   - '0.0.0.0' resolves to '0.0.0.0';
220328 16:44:29 [Note] Server socket created on IP: '0.0.0.0'.
220331 14:52:31 [Note] Plugin 'FEDERATED' is disabled.
220331 14:52:31 InnoDB: The InnoDB memory heap is disabled
220331 14:52:31 InnoDB: Mutexes and rw_locks use Windows interlocked functions
220331 14:52:31 InnoDB: Compressed tables use zlib 1.2.3
220331 14:52:31 InnoDB: Initializing buffer pool, size = 47.0M
220331 14:52:31 InnoDB: Completed initialization of buffer pool
220331 14:52:31 InnoDB: highest supported file format is Barracuda.
InnoDB: The log sequence number in ibdata files does not match
InnoDB: the log sequence number in the ib_logfiles!
220331 14:52:31  InnoDB: Database was not shut down normally!
InnoDB: Starting crash recovery.
InnoDB: Reading tablespace information from the .ibd files...
InnoDB: Restoring possible half-written data pages from the doublewrite
InnoDB: buffer...
220331 14:52:32  InnoDB: Waiting for the background threads to start
220331 14:52:33 InnoDB: 5.5.53 started; log sequence number 1701328
220331 14:52:33 [Note] Server hostname (bind-address): '0.0.0.0'; port: 3306
220331 14:52:33 [Note]   - '0.0.0.0' resolves to '0.0.0.0';
220331 14:52:33 [Note] Server socket created on IP: '0.0.0.0'.
220406 13:23:09 [Note] Plugin 'FEDERATED' is disabled.
220406 13:23:09 InnoDB: The InnoDB memory heap is disabled
220406 13:23:09 InnoDB: Mutexes and rw_locks use Windows interlocked functions
220406 13:23:09 InnoDB: Compressed tables use zlib 1.2.3
220406 13:23:09 InnoDB: Initializing buffer pool, size = 47.0M
220406 13:23:09 InnoDB: Completed initialization of buffer pool
220406 13:23:09 InnoDB: highest supported file format is Barracuda.
InnoDB: The log sequence number in ibdata files does not match
InnoDB: the log sequence number in the ib_logfiles!
220406 13:23:09  InnoDB: Database was not shut down normally!
InnoDB: Starting crash recovery.
InnoDB: Reading tablespace information from the .ibd files...
InnoDB: Restoring possible half-written data pages from the doublewrite
InnoDB: buffer...
220406 13:23:10  InnoDB: Waiting for the background threads to start
220406 13:23:11 InnoDB: 5.5.53 started; log sequence number 1745427
220406 13:23:11 [Note] Server hostname (bind-address): '0.0.0.0'; port: 3306
220406 13:23:11 [Note]   - '0.0.0.0' resolves to '0.0.0.0';
220406 13:23:11 [Note] Server socket created on IP: '0.0.0.0'.
220411 10:58:19 [Note] Plugin 'FEDERATED' is disabled.
220411 10:58:19 InnoDB: The InnoDB memory heap is disabled
220411 10:58:19 InnoDB: Mutexes and rw_locks use Windows interlocked functions
220411 10:58:19 InnoDB: Compressed tables use zlib 1.2.3
220411 10:58:19 InnoDB: Initializing buffer pool, size = 47.0M
220411 10:58:19 InnoDB: Completed initialization of buffer pool
220411 10:58:19 InnoDB: highest supported file format is Barracuda.
InnoDB: The log sequence number in ibdata files does not match
InnoDB: the log sequence number in the ib_logfiles!
220411 10:58:19  InnoDB: Database was not shut down normally!
InnoDB: Starting crash recovery.
InnoDB: Reading tablespace information from the .ibd files...
InnoDB: Restoring possible half-written data pages from the doublewrite
InnoDB: buffer...
220411 10:58:19  InnoDB: Waiting for the background threads to start
220411 10:58:20 InnoDB: 5.5.53 started; log sequence number 1753318
220411 10:58:20 [Note] Server hostname (bind-address): '0.0.0.0'; port: 3306
220411 10:58:20 [Note]   - '0.0.0.0' resolves to '0.0.0.0';
220411 10:58:20 [Note] Server socket created on IP: '0.0.0.0'.
220413  9:58:28 [Note] Plugin 'FEDERATED' is disabled.
220413  9:58:28 InnoDB: The InnoDB memory heap is disabled
220413  9:58:28 InnoDB: Mutexes and rw_locks use Windows interlocked functions
220413  9:58:28 InnoDB: Compressed tables use zlib 1.2.3
220413  9:58:28 InnoDB: Initializing buffer pool, size = 47.0M
220413  9:58:28 InnoDB: Completed initialization of buffer pool
220413  9:58:28 InnoDB: highest supported file format is Barracuda.
InnoDB: The log sequence number in ibdata files does not match
InnoDB: the log sequence number in the ib_logfiles!
220413  9:58:28  InnoDB: Database was not shut down normally!
InnoDB: Starting crash recovery.
InnoDB: Reading tablespace information from the .ibd files...
InnoDB: Restoring possible half-written data pages from the doublewrite
InnoDB: buffer...
220413  9:58:28  InnoDB: Waiting for the background threads to start
220413  9:58:29 InnoDB: 5.5.53 started; log sequence number 1754279
220413  9:58:29 [Note] Server hostname (bind-address): '0.0.0.0'; port: 3306
220413  9:58:29 [Note]   - '0.0.0.0' resolves to '0.0.0.0';
220413  9:58:29 [Note] Server socket created on IP: '0.0.0.0'.
220413 16:59:40 [Note] Plugin 'FEDERATED' is disabled.
220413 16:59:40 InnoDB: The InnoDB memory heap is disabled
220413 16:59:40 InnoDB: Mutexes and rw_locks use Windows interlocked functions
220413 16:59:40 InnoDB: Compressed tables use zlib 1.2.3
220413 16:59:40 InnoDB: Initializing buffer pool, size = 47.0M
220413 16:59:40 InnoDB: Completed initialization of buffer pool
220413 16:59:40 InnoDB: highest supported file format is Barracuda.
InnoDB: The log sequence number in ibdata files does not match
InnoDB: the log sequence number in the ib_logfiles!
220413 16:59:40  InnoDB: Database was not shut down normally!
InnoDB: Starting crash recovery.
InnoDB: Reading tablespace information from the .ibd files...
InnoDB: Restoring possible half-written data pages from the doublewrite
InnoDB: buffer...
220413 16:59:40  InnoDB: Waiting for the background threads to start
220413 16:59:41 InnoDB: 5.5.53 started; log sequence number 1754289
220413 16:59:41 [Note] Server hostname (bind-address): '0.0.0.0'; port: 3306
220413 16:59:41 [Note]   - '0.0.0.0' resolves to '0.0.0.0';
220413 16:59:41 [Note] Server socket created on IP: '0.0.0.0'.
220413 18:15:49 [Note] Plugin 'FEDERATED' is disabled.
220413 18:15:49 InnoDB: The InnoDB memory heap is disabled
220413 18:15:49 InnoDB: Mutexes and rw_locks use Windows interlocked functions
220413 18:15:49 InnoDB: Compressed tables use zlib 1.2.3
220413 18:15:49 InnoDB: Initializing buffer pool, size = 47.0M
220413 18:15:49 InnoDB: Completed initialization of buffer pool
220413 18:15:49 InnoDB: highest supported file format is Barracuda.
InnoDB: The log sequence number in ibdata files does not match
InnoDB: the log sequence number in the ib_logfiles!
220413 18:15:49  InnoDB: Database was not shut down normally!
InnoDB: Starting crash recovery.
InnoDB: Reading tablespace information from the .ibd files...
InnoDB: Restoring possible half-written data pages from the doublewrite
InnoDB: buffer...
220413 18:15:49  InnoDB: Waiting for the background threads to start
220413 18:15:50 InnoDB: 5.5.53 started; log sequence number 1754289
220413 18:15:50 [Note] Server hostname (bind-address): '0.0.0.0'; port: 3306
220413 18:15:50 [Note]   - '0.0.0.0' resolves to '0.0.0.0';
220413 18:15:50 [Note] Server socket created on IP: '0.0.0.0'.
220414 14:29:22 [Note] Plugin 'FEDERATED' is disabled.
220414 14:29:22 InnoDB: The InnoDB memory heap is disabled
220414 14:29:22 InnoDB: Mutexes and rw_locks use Windows interlocked functions
220414 14:29:22 InnoDB: Compressed tables use zlib 1.2.3
220414 14:29:22 InnoDB: Initializing buffer pool, size = 47.0M
220414 14:29:22 InnoDB: Completed initialization of buffer pool
220414 14:29:22 InnoDB: highest supported file format is Barracuda.
InnoDB: The log sequence number in ibdata files does not match
InnoDB: the log sequence number in the ib_logfiles!
220414 14:29:22  InnoDB: Database was not shut down normally!
InnoDB: Starting crash recovery.
InnoDB: Reading tablespace information from the .ibd files...
InnoDB: Restoring possible half-written data pages from the doublewrite
InnoDB: buffer...
220414 14:29:22  InnoDB: Waiting for the background threads to start
220414 14:29:23 [Note] Plugin 'FEDERATED' is disabled.
220414 14:29:23 InnoDB: The InnoDB memory heap is disabled
220414 14:29:23 InnoDB: Mutexes and rw_locks use Windows interlocked functions
220414 14:29:23 InnoDB: Compressed tables use zlib 1.2.3
220414 14:29:23 InnoDB: Initializing buffer pool, size = 47.0M
220414 14:29:23 InnoDB: Completed initialization of buffer pool
220414 14:29:23 InnoDB: highest supported file format is Barracuda.
InnoDB: The log sequence number in ibdata files does not match
InnoDB: the log sequence number in the ib_logfiles!
220414 14:29:23  InnoDB: Database was not shut down normally!
InnoDB: Starting crash recovery.
InnoDB: Reading tablespace information from the .ibd files...
InnoDB: Restoring possible half-written data pages from the doublewrite
InnoDB: buffer...
220414 14:29:23  InnoDB: Waiting for the background threads to start
220414 14:29:24 InnoDB: 5.5.53 started; log sequence number 1754299
220414 14:29:24 [Note] Server hostname (bind-address): '0.0.0.0'; port: 3306
220414 14:29:24 [Note]   - '0.0.0.0' resolves to '0.0.0.0';
220414 14:29:24 [Note] Server socket created on IP: '0.0.0.0'.
220418 15:14:20 [Note] Plugin 'FEDERATED' is disabled.
220418 15:14:20 InnoDB: The InnoDB memory heap is disabled
220418 15:14:20 InnoDB: Mutexes and rw_locks use Windows interlocked functions
220418 15:14:20 InnoDB: Compressed tables use zlib 1.2.3
220418 15:14:20 InnoDB: Initializing buffer pool, size = 47.0M
220418 15:14:20 InnoDB: Completed initialization of buffer pool
220418 15:14:20 InnoDB: highest supported file format is Barracuda.
InnoDB: The log sequence number in ibdata files does not match
InnoDB: the log sequence number in the ib_logfiles!
220418 15:14:20  InnoDB: Database was not shut down normally!
InnoDB: Starting crash recovery.
InnoDB: Reading tablespace information from the .ibd files...
InnoDB: Restoring possible half-written data pages from the doublewrite
InnoDB: buffer...
220418 15:14:20  InnoDB: Waiting for the background threads to start
220418 15:14:21 InnoDB: 5.5.53 started; log sequence number 1763920
220418 15:14:21 [Note] Server hostname (bind-address): '0.0.0.0'; port: 3306
220418 15:14:21 [Note]   - '0.0.0.0' resolves to '0.0.0.0';
220418 15:14:21 [Note] Server socket created on IP: '0.0.0.0'.
220418 15:14:21 [ERROR] Can't start server: Bind on TCP/IP port: No such file or directory
220418 15:14:21 [ERROR] Do you already have another mysqld server running on port: 3306 ?
220418 15:14:21 [ERROR] Aborting

220418 15:14:21  InnoDB: Starting shutdown...
220418 15:14:21  InnoDB: Shutdown completed; log sequence number 1763920
220418 15:14:21 [Note] E:\phpStudy\PHPTutorial\MySQL\bin\mysqld.exe: Shutdown complete

220418 15:43:28 [Note] Plugin 'FEDERATED' is disabled.
220418 15:43:28 InnoDB: The InnoDB memory heap is disabled
220418 15:43:28 InnoDB: Mutexes and rw_locks use Windows interlocked functions
220418 15:43:28 InnoDB: Compressed tables use zlib 1.2.3
220418 15:43:28 InnoDB: Initializing buffer pool, size = 47.0M
220418 15:43:28 InnoDB: Completed initialization of buffer pool
220418 15:43:28 InnoDB: highest supported file format is Barracuda.
220418 15:43:28  InnoDB: Waiting for the background threads to start
220418 15:43:28 [Note] Plugin 'FEDERATED' is disabled.
220418 15:43:28 InnoDB: The InnoDB memory heap is disabled
220418 15:43:28 InnoDB: Mutexes and rw_locks use Windows interlocked functions
220418 15:43:28 InnoDB: Compressed tables use zlib 1.2.3
220418 15:43:28 InnoDB: Initializing buffer pool, size = 47.0M
220418 15:43:28 InnoDB: Completed initialization of buffer pool
220418 15:43:28  InnoDB: Operating system error number 32 in a file operation.
InnoDB: The error means that another program is using InnoDB's files.
InnoDB: This might be a backup or antivirus software or another instance
InnoDB: of MySQL. Please close it to get rid of this error.
220418 15:43:29 InnoDB: 5.5.53 started; log sequence number 1763920
220418 15:43:29 [Note] Server hostname (bind-address): '0.0.0.0'; port: 3306
220418 15:43:29 [Note]   - '0.0.0.0' resolves to '0.0.0.0';
220418 15:43:29 [Note] Server socket created on IP: '0.0.0.0'.
220418 15:43:29 [ERROR] Can't start server: Bind on TCP/IP port: No such file or directory
220418 15:43:29 [ERROR] Do you already have another mysqld server running on port: 3306 ?
220418 15:43:29 [ERROR] Aborting

220418 15:43:29  InnoDB: Starting shutdown...
220418 15:43:30  InnoDB: Shutdown completed; log sequence number 1763920
220418 15:43:30 [Note] E:\phpStudy\PHPTutorial\MySQL\bin\mysqld.exe: Shutdown complete

220418 15:43:38 InnoDB: highest supported file format is Barracuda.
220418 15:43:39  InnoDB: Waiting for the background threads to start
220418 15:43:40 InnoDB: 5.5.53 started; log sequence number 1763920
220418 15:43:40 [Note] Server hostname (bind-address): '0.0.0.0'; port: 3306
220418 15:43:40 [Note]   - '0.0.0.0' resolves to '0.0.0.0';
220418 15:43:40 [Note] Server socket created on IP: '0.0.0.0'.
220418 15:43:40 [ERROR] Can't start server: Bind on TCP/IP port: No such file or directory
220418 15:43:40 [ERROR] Do you already have another mysqld server running on port: 3306 ?
220418 15:43:40 [ERROR] Aborting

220418 15:43:40  InnoDB: Starting shutdown...
220418 15:43:40  InnoDB: Shutdown completed; log sequence number 1763920
220418 15:43:40 [Note] E:\phpStudy\PHPTutorial\MySQL\bin\mysqld.exe: Shutdown complete

220418 15:46:09 [Note] Plugin 'FEDERATED' is disabled.
220418 15:46:09 InnoDB: The InnoDB memory heap is disabled
220418 15:46:09 InnoDB: Mutexes and rw_locks use Windows interlocked functions
220418 15:46:09 InnoDB: Compressed tables use zlib 1.2.3
220418 15:46:09 InnoDB: Initializing buffer pool, size = 47.0M
220418 15:46:09 InnoDB: Completed initialization of buffer pool
220418 15:46:09 InnoDB: highest supported file format is Barracuda.
220418 15:46:09  InnoDB: Waiting for the background threads to start
220418 15:46:10 InnoDB: 5.5.53 started; log sequence number 1763920
220418 15:46:10 [Note] Server hostname (bind-address): '0.0.0.0'; port: 3305
220418 15:46:10 [Note]   - '0.0.0.0' resolves to '0.0.0.0';
220418 15:46:10 [Note] Server socket created on IP: '0.0.0.0'.
220418 15:46:12 [Note] Plugin 'FEDERATED' is disabled.
220418 15:46:12 InnoDB: The InnoDB memory heap is disabled
220418 15:46:12 InnoDB: Mutexes and rw_locks use Windows interlocked functions
220418 15:46:12 InnoDB: Compressed tables use zlib 1.2.3
220418 15:46:12 InnoDB: Initializing buffer pool, size = 47.0M
220418 15:46:12 InnoDB: Completed initialization of buffer pool
220418 15:46:12  InnoDB: Operating system error number 32 in a file operation.
InnoDB: The error means that another program is using InnoDB's files.
InnoDB: This might be a backup or antivirus software or another instance
InnoDB: of MySQL. Please close it to get rid of this error.
220418 15:46:22  InnoDB: Operating system error number 32 in a file operation.
InnoDB: The error means that another program is using InnoDB's files.
InnoDB: This might be a backup or antivirus software or another instance
InnoDB: of MySQL. Please close it to get rid of this error.
220418 15:46:32  InnoDB: Operating system error number 32 in a file operation.
InnoDB: The error means that another program is using InnoDB's files.
InnoDB: This might be a backup or antivirus software or another instance
InnoDB: of MySQL. Please close it to get rid of this error.
220418 15:46:42  InnoDB: Operating system error number 32 in a file operation.
InnoDB: The error means that another program is using InnoDB's files.
InnoDB: This might be a backup or antivirus software or another instance
InnoDB: of MySQL. Please close it to get rid of this error.
220418 15:46:52  InnoDB: Operating system error number 32 in a file operation.
InnoDB: The error means that another program is using InnoDB's files.
InnoDB: This might be a backup or antivirus software or another instance
InnoDB: of MySQL. Please close it to get rid of this error.
220418 15:47:00 [Note] Plugin 'FEDERATED' is disabled.
220418 15:47:00 InnoDB: The InnoDB memory heap is disabled
220418 15:47:00 InnoDB: Mutexes and rw_locks use Windows interlocked functions
220418 15:47:00 InnoDB: Compressed tables use zlib 1.2.3
220418 15:47:00 InnoDB: Initializing buffer pool, size = 47.0M
220418 15:47:00 InnoDB: Completed initialization of buffer pool
220418 15:47:00  InnoDB: Operating system error number 32 in a file operation.
InnoDB: The error means that another program is using InnoDB's files.
InnoDB: This might be a backup or antivirus software or another instance
InnoDB: of MySQL. Please close it to get rid of this error.
220418 15:47:01 [Note] Plugin 'FEDERATED' is disabled.
220418 15:47:01 InnoDB: The InnoDB memory heap is disabled
220418 15:47:01 InnoDB: Mutexes and rw_locks use Windows interlocked functions
220418 15:47:01 InnoDB: Compressed tables use zlib 1.2.3
220418 15:47:01 InnoDB: Initializing buffer pool, size = 47.0M
220418 15:47:01 InnoDB: Completed initialization of buffer pool
220418 15:47:01  InnoDB: Operating system error number 32 in a file operation.
InnoDB: The error means that another program is using InnoDB's files.
InnoDB: This might be a backup or antivirus software or another instance
InnoDB: of MySQL. Please close it to get rid of this error.
220418 15:47:02  InnoDB: Operating system error number 32 in a file operation.
InnoDB: The error means that another program is using InnoDB's files.
InnoDB: This might be a backup or antivirus software or another instance
InnoDB: of MySQL. Please close it to get rid of this error.
220418 15:47:03 [Note] Plugin 'FEDERATED' is disabled.
220418 15:47:03 InnoDB: The InnoDB memory heap is disabled
220418 15:47:03 InnoDB: Mutexes and rw_locks use Windows interlocked functions
220418 15:47:03 InnoDB: Compressed tables use zlib 1.2.3
220418 15:47:03 InnoDB: Initializing buffer pool, size = 47.0M
220418 15:47:03 InnoDB: Completed initialization of buffer pool
220418 15:47:03  InnoDB: Operating system error number 32 in a file operation.
InnoDB: The error means that another program is using InnoDB's files.
InnoDB: This might be a backup or antivirus software or another instance
InnoDB: of MySQL. Please close it to get rid of this error.
220418 15:47:10  InnoDB: Operating system error number 32 in a file operation.
InnoDB: The error means that another program is using InnoDB's files.
InnoDB: This might be a backup or antivirus software or another instance
InnoDB: of MySQL. Please close it to get rid of this error.
220418 15:47:11  InnoDB: Operating system error number 32 in a file operation.
InnoDB: The error means that another program is using InnoDB's files.
InnoDB: This might be a backup or antivirus software or another instance
InnoDB: of MySQL. Please close it to get rid of this error.
220418 15:47:12  InnoDB: Operating system error number 32 in a file operation.
InnoDB: The error means that another program is using InnoDB's files.
InnoDB: This might be a backup or antivirus software or another instance
InnoDB: of MySQL. Please close it to get rid of this error.
220418 15:47:13  InnoDB: Operating system error number 32 in a file operation.
InnoDB: The error means that another program is using InnoDB's files.
InnoDB: This might be a backup or antivirus software or another instance
InnoDB: of MySQL. Please close it to get rid of this error.
220418 15:47:20  InnoDB: Operating system error number 32 in a file operation.
InnoDB: The error means that another program is using InnoDB's files.
InnoDB: This might be a backup or antivirus software or another instance
InnoDB: of MySQL. Please close it to get rid of this error.
220418 15:47:21  InnoDB: Operating system error number 32 in a file operation.
InnoDB: The error means that another program is using InnoDB's files.
InnoDB: This might be a backup or antivirus software or another instance
InnoDB: of MySQL. Please close it to get rid of this error.
220418 15:47:22  InnoDB: Operating system error number 32 in a file operation.
InnoDB: The error means that another program is using InnoDB's files.
InnoDB: This might be a backup or antivirus software or another instance
InnoDB: of MySQL. Please close it to get rid of this error.
220418 15:47:23  InnoDB: Operating system error number 32 in a file operation.
InnoDB: The error means that another program is using InnoDB's files.
InnoDB: This might be a backup or antivirus software or another instance
InnoDB: of MySQL. Please close it to get rid of this error.
220418 15:47:30  InnoDB: Operating system error number 32 in a file operation.
InnoDB: The error means that another program is using InnoDB's files.
InnoDB: This might be a backup or antivirus software or another instance
InnoDB: of MySQL. Please close it to get rid of this error.
220418 15:47:31  InnoDB: Operating system error number 32 in a file operation.
InnoDB: The error means that another program is using InnoDB's files.
InnoDB: This might be a backup or antivirus software or another instance
InnoDB: of MySQL. Please close it to get rid of this error.
220418 15:47:32  InnoDB: Operating system error number 32 in a file operation.
InnoDB: The error means that another program is using InnoDB's files.
InnoDB: This might be a backup or antivirus software or another instance
InnoDB: of MySQL. Please close it to get rid of this error.
220418 15:47:33  InnoDB: Operating system error number 32 in a file operation.
InnoDB: The error means that another program is using InnoDB's files.
InnoDB: This might be a backup or antivirus software or another instance
InnoDB: of MySQL. Please close it to get rid of this error.
220418 15:47:40  InnoDB: Operating system error number 32 in a file operation.
InnoDB: The error means that another program is using InnoDB's files.
InnoDB: This might be a backup or antivirus software or another instance
InnoDB: of MySQL. Please close it to get rid of this error.
220418 15:47:41  InnoDB: Operating system error number 32 in a file operation.
InnoDB: The error means that another program is using InnoDB's files.
InnoDB: This might be a backup or antivirus software or another instance
InnoDB: of MySQL. Please close it to get rid of this error.
220418 15:47:42  InnoDB: Operating system error number 32 in a file operation.
InnoDB: The error means that another program is using InnoDB's files.
InnoDB: This might be a backup or antivirus software or another instance
InnoDB: of MySQL. Please close it to get rid of this error.
220418 15:47:43  InnoDB: Operating system error number 32 in a file operation.
InnoDB: The error means that another program is using InnoDB's files.
InnoDB: This might be a backup or antivirus software or another instance
InnoDB: of MySQL. Please close it to get rid of this error.
220418 15:47:50  InnoDB: Operating system error number 32 in a file operation.
InnoDB: The error means that another program is using InnoDB's files.
InnoDB: This might be a backup or antivirus software or another instance
InnoDB: of MySQL. Please close it to get rid of this error.
220418 15:47:51  InnoDB: Operating system error number 32 in a file operation.
InnoDB: The error means that another program is using InnoDB's files.
InnoDB: This might be a backup or antivirus software or another instance
InnoDB: of MySQL. Please close it to get rid of this error.
220418 15:47:52  InnoDB: Operating system error number 32 in a file operation.
InnoDB: The error means that another program is using InnoDB's files.
InnoDB: This might be a backup or antivirus software or another instance
InnoDB: of MySQL. Please close it to get rid of this error.
220418 15:47:53  InnoDB: Operating system error number 32 in a file operation.
InnoDB: The error means that another program is using InnoDB's files.
InnoDB: This might be a backup or antivirus software or another instance
InnoDB: of MySQL. Please close it to get rid of this error.
220418 15:48:00  InnoDB: Operating system error number 32 in a file operation.
InnoDB: The error means that another program is using InnoDB's files.
InnoDB: This might be a backup or antivirus software or another instance
InnoDB: of MySQL. Please close it to get rid of this error.
220418 15:48:01  InnoDB: Operating system error number 32 in a file operation.
InnoDB: The error means that another program is using InnoDB's files.
InnoDB: This might be a backup or antivirus software or another instance
InnoDB: of MySQL. Please close it to get rid of this error.
220418 15:48:02  InnoDB: Operating system error number 32 in a file operation.
InnoDB: The error means that another program is using InnoDB's files.
InnoDB: This might be a backup or antivirus software or another instance
InnoDB: of MySQL. Please close it to get rid of this error.
220418 15:48:03  InnoDB: Operating system error number 32 in a file operation.
InnoDB: The error means that another program is using InnoDB's files.
InnoDB: This might be a backup or antivirus software or another instance
InnoDB: of MySQL. Please close it to get rid of this error.
220418 15:48:10  InnoDB: Operating system error number 32 in a file operation.
InnoDB: The error means that another program is using InnoDB's files.
InnoDB: This might be a backup or antivirus software or another instance
InnoDB: of MySQL. Please close it to get rid of this error.
220418 15:48:11  InnoDB: Operating system error number 32 in a file operation.
InnoDB: The error means that another program is using InnoDB's files.
InnoDB: This might be a backup or antivirus software or another instance
InnoDB: of MySQL. Please close it to get rid of this error.
220418 15:48:12  InnoDB: Operating system error number 32 in a file operation.
InnoDB: The error means that another program is using InnoDB's files.
InnoDB: This might be a backup or antivirus software or another instance
InnoDB: of MySQL. Please close it to get rid of this error.
220418 15:48:13  InnoDB: Operating system error number 32 in a file operation.
InnoDB: The error means that another program is using InnoDB's files.
InnoDB: This might be a backup or antivirus software or another instance
InnoDB: of MySQL. Please close it to get rid of this error.
220418 15:48:13 [Note] Plugin 'FEDERATED' is disabled.
220418 15:48:13 InnoDB: The InnoDB memory heap is disabled
220418 15:48:13 InnoDB: Mutexes and rw_locks use Windows interlocked functions
220418 15:48:13 InnoDB: Compressed tables use zlib 1.2.3
220418 15:48:13 InnoDB: Initializing buffer pool, size = 47.0M
220418 15:48:13 InnoDB: Completed initialization of buffer pool
220418 15:48:13  InnoDB: Operating system error number 32 in a file operation.
InnoDB: The error means that another program is using InnoDB's files.
InnoDB: This might be a backup or antivirus software or another instance
InnoDB: of MySQL. Please close it to get rid of this error.
220418 15:48:18 [Note] Plugin 'FEDERATED' is disabled.
220418 15:48:18 InnoDB: The InnoDB memory heap is disabled
220418 15:48:18 InnoDB: Mutexes and rw_locks use Windows interlocked functions
220418 15:48:18 InnoDB: Compressed tables use zlib 1.2.3
220418 15:48:18 InnoDB: Initializing buffer pool, size = 47.0M
220418 15:48:18 InnoDB: Completed initialization of buffer pool
220418 15:48:18  InnoDB: Operating system error number 32 in a file operation.
InnoDB: The error means that another program is using InnoDB's files.
InnoDB: This might be a backup or antivirus software or another instance
InnoDB: of MySQL. Please close it to get rid of this error.
220418 15:48:20  InnoDB: Operating system error number 32 in a file operation.
InnoDB: The error means that another program is using InnoDB's files.
InnoDB: This might be a backup or antivirus software or another instance
InnoDB: of MySQL. Please close it to get rid of this error.
220418 15:48:21  InnoDB: Operating system error number 32 in a file operation.
InnoDB: The error means that another program is using InnoDB's files.
InnoDB: This might be a backup or antivirus software or another instance
InnoDB: of MySQL. Please close it to get rid of this error.
220418 15:48:22  InnoDB: Operating system error number 32 in a file operation.
InnoDB: The error means that another program is using InnoDB's files.
InnoDB: This might be a backup or antivirus software or another instance
InnoDB: of MySQL. Please close it to get rid of this error.
220418 15:48:23  InnoDB: Operating system error number 32 in a file operation.
InnoDB: The error means that another program is using InnoDB's files.
InnoDB: This might be a backup or antivirus software or another instance
InnoDB: of MySQL. Please close it to get rid of this error.
220418 15:48:23  InnoDB: Operating system error number 32 in a file operation.
InnoDB: The error means that another program is using InnoDB's files.
InnoDB: This might be a backup or antivirus software or another instance
InnoDB: of MySQL. Please close it to get rid of this error.
220418 15:48:28  InnoDB: Operating system error number 32 in a file operation.
InnoDB: The error means that another program is using InnoDB's files.
InnoDB: This might be a backup or antivirus software or another instance
InnoDB: of MySQL. Please close it to get rid of this error.
220418 15:48:30  InnoDB: Operating system error number 32 in a file operation.
InnoDB: The error means that another program is using InnoDB's files.
InnoDB: This might be a backup or antivirus software or another instance
InnoDB: of MySQL. Please close it to get rid of this error.
220418 15:48:31  InnoDB: Operating system error number 32 in a file operation.
InnoDB: The error means that another program is using InnoDB's files.
InnoDB: This might be a backup or antivirus software or another instance
InnoDB: of MySQL. Please close it to get rid of this error.
220418 15:48:32  InnoDB: Operating system error number 32 in a file operation.
InnoDB: The error means that another program is using InnoDB's files.
InnoDB: This might be a backup or antivirus software or another instance
InnoDB: of MySQL. Please close it to get rid of this error.
220418 15:48:33  InnoDB: Operating system error number 32 in a file operation.
InnoDB: The error means that another program is using InnoDB's files.
InnoDB: This might be a backup or antivirus software or another instance
InnoDB: of MySQL. Please close it to get rid of this error.
220418 15:48:33  InnoDB: Operating system error number 32 in a file operation.
InnoDB: The error means that another program is using InnoDB's files.
InnoDB: This might be a backup or antivirus software or another instance
InnoDB: of MySQL. Please close it to get rid of this error.
220418 15:48:38  InnoDB: Operating system error number 32 in a file operation.
InnoDB: The error means that another program is using InnoDB's files.
InnoDB: This might be a backup or antivirus software or another instance
InnoDB: of MySQL. Please close it to get rid of this error.
220418 15:48:40  InnoDB: Operating system error number 32 in a file operation.
InnoDB: The error means that another program is using InnoDB's files.
InnoDB: This might be a backup or antivirus software or another instance
InnoDB: of MySQL. Please close it to get rid of this error.
220418 15:48:41  InnoDB: Operating system error number 32 in a file operation.
InnoDB: The error means that another program is using InnoDB's files.
InnoDB: This might be a backup or antivirus software or another instance
InnoDB: of MySQL. Please close it to get rid of this error.
220418 15:48:42  InnoDB: Operating system error number 32 in a file operation.
InnoDB: The error means that another program is using InnoDB's files.
InnoDB: This might be a backup or antivirus software or another instance
InnoDB: of MySQL. Please close it to get rid of this error.
220418 15:48:43  InnoDB: Operating system error number 32 in a file operation.
InnoDB: The error means that another program is using InnoDB's files.
InnoDB: This might be a backup or antivirus software or another instance
InnoDB: of MySQL. Please close it to get rid of this error.
220418 15:48:43  InnoDB: Operating system error number 32 in a file operation.
InnoDB: The error means that another program is using InnoDB's files.
InnoDB: This might be a backup or antivirus software or another instance
InnoDB: of MySQL. Please close it to get rid of this error.
220418 15:48:48  InnoDB: Operating system error number 32 in a file operation.
InnoDB: The error means that another program is using InnoDB's files.
InnoDB: This might be a backup or antivirus software or another instance
InnoDB: of MySQL. Please close it to get rid of this error.
220418 15:48:50  InnoDB: Operating system error number 32 in a file operation.
InnoDB: The error means that another program is using InnoDB's files.
InnoDB: This might be a backup or antivirus software or another instance
InnoDB: of MySQL. Please close it to get rid of this error.
220418 15:48:51  InnoDB: Operating system error number 32 in a file operation.
InnoDB: The error means that another program is using InnoDB's files.
InnoDB: This might be a backup or antivirus software or another instance
InnoDB: of MySQL. Please close it to get rid of this error.
220418 15:48:52  InnoDB: Operating system error number 32 in a file operation.
InnoDB: The error means that another program is using InnoDB's files.
InnoDB: This might be a backup or antivirus software or another instance
InnoDB: of MySQL. Please close it to get rid of this error.
220418 15:48:53  InnoDB: Operating system error number 32 in a file operation.
InnoDB: The error means that another program is using InnoDB's files.
InnoDB: This might be a backup or antivirus software or another instance
InnoDB: of MySQL. Please close it to get rid of this error.
220418 15:48:53  InnoDB: Operating system error number 32 in a file operation.
InnoDB: The error means that another program is using InnoDB's files.
InnoDB: This might be a backup or antivirus software or another instance
InnoDB: of MySQL. Please close it to get rid of this error.
220418 15:48:58  InnoDB: Operating system error number 32 in a file operation.
InnoDB: The error means that another program is using InnoDB's files.
InnoDB: This might be a backup or antivirus software or another instance
InnoDB: of MySQL. Please close it to get rid of this error.
220418 15:49:00  InnoDB: Operating system error number 32 in a file operation.
InnoDB: The error means that another program is using InnoDB's files.
InnoDB: This might be a backup or antivirus software or another instance
InnoDB: of MySQL. Please close it to get rid of this error.
220418 15:49:01  InnoDB: Operating system error number 32 in a file operation.
InnoDB: The error means that another program is using InnoDB's files.
InnoDB: This might be a backup or antivirus software or another instance
InnoDB: of MySQL. Please close it to get rid of this error.
220418 15:49:02  InnoDB: Operating system error number 32 in a file operation.
InnoDB: The error means that another program is using InnoDB's files.
InnoDB: This might be a backup or antivirus software or another instance
InnoDB: of MySQL. Please close it to get rid of this error.
220418 15:49:03  InnoDB: Operating system error number 32 in a file operation.
InnoDB: The error means that another program is using InnoDB's files.
InnoDB: This might be a backup or antivirus software or another instance
InnoDB: of MySQL. Please close it to get rid of this error.
220418 15:49:03  InnoDB: Operating system error number 32 in a file operation.
InnoDB: The error means that another program is using InnoDB's files.
InnoDB: This might be a backup or antivirus software or another instance
InnoDB: of MySQL. Please close it to get rid of this error.
220418 15:49:08  InnoDB: Operating system error number 32 in a file operation.
InnoDB: The error means that another program is using InnoDB's files.
InnoDB: This might be a backup or antivirus software or another instance
InnoDB: of MySQL. Please close it to get rid of this error.
220418 15:49:10  InnoDB: Operating system error number 32 in a file operation.
InnoDB: The error means that another program is using InnoDB's files.
InnoDB: This might be a backup or antivirus software or another instance
InnoDB: of MySQL. Please close it to get rid of this error.
220418 15:49:11  InnoDB: Operating system error number 32 in a file operation.
InnoDB: The error means that another program is using InnoDB's files.
InnoDB: This might be a backup or antivirus software or another instance
InnoDB: of MySQL. Please close it to get rid of this error.
220418 15:49:12  InnoDB: Operating system error number 32 in a file operation.
InnoDB: The error means that another program is using InnoDB's files.
InnoDB: This might be a backup or antivirus software or another instance
InnoDB: of MySQL. Please close it to get rid of this error.
220418 15:49:13  InnoDB: Operating system error number 32 in a file operation.
InnoDB: The error means that another program is using InnoDB's files.
InnoDB: This might be a backup or antivirus software or another instance
InnoDB: of MySQL. Please close it to get rid of this error.
220418 15:49:13  InnoDB: Operating system error number 32 in a file operation.
InnoDB: The error means that another program is using InnoDB's files.
InnoDB: This might be a backup or antivirus software or another instance
InnoDB: of MySQL. Please close it to get rid of this error.
220418 15:49:18  InnoDB: Operating system error number 32 in a file operation.
InnoDB: The error means that another program is using InnoDB's files.
InnoDB: This might be a backup or antivirus software or another instance
InnoDB: of MySQL. Please close it to get rid of this error.
220418 15:49:20  InnoDB: Operating system error number 32 in a file operation.
InnoDB: The error means that another program is using InnoDB's files.
InnoDB: This might be a backup or antivirus software or another instance
InnoDB: of MySQL. Please close it to get rid of this error.
220418 15:49:21  InnoDB: Operating system error number 32 in a file operation.
InnoDB: The error means that another program is using InnoDB's files.
InnoDB: This might be a backup or antivirus software or another instance
InnoDB: of MySQL. Please close it to get rid of this error.
220418 15:49:22  InnoDB: Operating system error number 32 in a file operation.
InnoDB: The error means that another program is using InnoDB's files.
InnoDB: This might be a backup or antivirus software or another instance
InnoDB: of MySQL. Please close it to get rid of this error.
220418 15:49:23  InnoDB: Operating system error number 32 in a file operation.
InnoDB: The error means that another program is using InnoDB's files.
InnoDB: This might be a backup or antivirus software or another instance
InnoDB: of MySQL. Please close it to get rid of this error.
220418 15:49:23  InnoDB: Operating system error number 32 in a file operation.
InnoDB: The error means that another program is using InnoDB's files.
InnoDB: This might be a backup or antivirus software or another instance
InnoDB: of MySQL. Please close it to get rid of this error.
220418 15:49:28  InnoDB: Operating system error number 32 in a file operation.
InnoDB: The error means that another program is using InnoDB's files.
InnoDB: This might be a backup or antivirus software or another instance
InnoDB: of MySQL. Please close it to get rid of this error.
220418 15:49:30  InnoDB: Operating system error number 32 in a file operation.
InnoDB: The error means that another program is using InnoDB's files.
InnoDB: This might be a backup or antivirus software or another instance
InnoDB: of MySQL. Please close it to get rid of this error.
220418 15:49:31  InnoDB: Operating system error number 32 in a file operation.
InnoDB: The error means that another program is using InnoDB's files.
InnoDB: This might be a backup or antivirus software or another instance
InnoDB: of MySQL. Please close it to get rid of this error.
220418 15:49:32  InnoDB: Operating system error number 32 in a file operation.
InnoDB: The error means that another program is using InnoDB's files.
InnoDB: This might be a backup or antivirus software or another instance
InnoDB: of MySQL. Please close it to get rid of this error.
220418 15:49:33  InnoDB: Operating system error number 32 in a file operation.
InnoDB: The error means that another program is using InnoDB's files.
InnoDB: This might be a backup or antivirus software or another instance
InnoDB: of MySQL. Please close it to get rid of this error.
220418 15:49:33  InnoDB: Operating system error number 32 in a file operation.
InnoDB: The error means that another program is using InnoDB's files.
InnoDB: This might be a backup or antivirus software or another instance
InnoDB: of MySQL. Please close it to get rid of this error.
220418 15:49:38  InnoDB: Operating system error number 32 in a file operation.
InnoDB: The error means that another program is using InnoDB's files.
InnoDB: This might be a backup or antivirus software or another instance
InnoDB: of MySQL. Please close it to get rid of this error.
220418 15:49:40  InnoDB: Operating system error number 32 in a file operation.
InnoDB: The error means that another program is using InnoDB's files.
InnoDB: This might be a backup or antivirus software or another instance
InnoDB: of MySQL. Please close it to get rid of this error.
220418 15:49:41  InnoDB: Operating system error number 32 in a file operation.
InnoDB: The error means that another program is using InnoDB's files.
InnoDB: This might be a backup or antivirus software or another instance
InnoDB: of MySQL. Please close it to get rid of this error.
220418 15:49:42  InnoDB: Operating system error number 32 in a file operation.
InnoDB: The error means that another program is using InnoDB's files.
InnoDB: This might be a backup or antivirus software or another instance
InnoDB: of MySQL. Please close it to get rid of this error.
220418 15:49:43  InnoDB: Operating system error number 32 in a file operation.
InnoDB: The error means that another program is using InnoDB's files.
InnoDB: This might be a backup or antivirus software or another instance
InnoDB: of MySQL. Please close it to get rid of this error.
220418 15:49:43  InnoDB: Operating system error number 32 in a file operation.
InnoDB: The error means that another program is using InnoDB's files.
InnoDB: This might be a backup or antivirus software or another instance
InnoDB: of MySQL. Please close it to get rid of this error.
220418 15:49:48  InnoDB: Operating system error number 32 in a file operation.
InnoDB: The error means that another program is using InnoDB's files.
InnoDB: This might be a backup or antivirus software or another instance
InnoDB: of MySQL. Please close it to get rid of this error.
220418 15:49:51  InnoDB: Operating system error number 32 in a file operation.
InnoDB: The error means that another program is using InnoDB's files.
InnoDB: This might be a backup or antivirus software or another instance
InnoDB: of MySQL. Please close it to get rid of this error.
220418 15:49:51 InnoDB: highest supported file format is Barracuda.
220418 15:49:54 [Note] Plugin 'FEDERATED' is disabled.
220418 15:49:54 InnoDB: The InnoDB memory heap is disabled
220418 15:49:54 InnoDB: Mutexes and rw_locks use Windows interlocked functions
220418 15:49:54 InnoDB: Compressed tables use zlib 1.2.3
220418 15:49:54 InnoDB: Initializing buffer pool, size = 47.0M
220418 15:49:54 InnoDB: Completed initialization of buffer pool
220418 15:49:54 InnoDB: highest supported file format is Barracuda.
220418 15:49:54  InnoDB: Waiting for the background threads to start
220418 15:49:55 InnoDB: 5.5.53 started; log sequence number 1763920
220418 15:49:55 [Note] Server hostname (bind-address): '0.0.0.0'; port: 3305
220418 15:49:55 [Note]   - '0.0.0.0' resolves to '0.0.0.0';
220418 15:49:55 [Note] Server socket created on IP: '0.0.0.0'.
220418 15:52:16 [Note] Plugin 'FEDERATED' is disabled.
220418 15:52:16 InnoDB: The InnoDB memory heap is disabled
220418 15:52:16 InnoDB: Mutexes and rw_locks use Windows interlocked functions
220418 15:52:16 InnoDB: Compressed tables use zlib 1.2.3
220418 15:52:16 InnoDB: Initializing buffer pool, size = 47.0M
220418 15:52:16 InnoDB: Completed initialization of buffer pool
220418 15:52:16 InnoDB: highest supported file format is Barracuda.
220418 15:52:16  InnoDB: Waiting for the background threads to start
220418 15:52:17 InnoDB: 5.5.53 started; log sequence number 1763920
220418 15:52:17 [Note] Server hostname (bind-address): '0.0.0.0'; port: 3306
220418 15:52:17 [Note]   - '0.0.0.0' resolves to '0.0.0.0';
220418 15:52:17 [Note] Server socket created on IP: '0.0.0.0'.
220428 14:47:23 [Note] Plugin 'FEDERATED' is disabled.
220428 14:47:23 InnoDB: The InnoDB memory heap is disabled
220428 14:47:23 InnoDB: Mutexes and rw_locks use Windows interlocked functions
220428 14:47:23 InnoDB: Compressed tables use zlib 1.2.3
220428 14:47:23 InnoDB: Initializing buffer pool, size = 47.0M
220428 14:47:23 InnoDB: Completed initialization of buffer pool
220428 14:47:23 InnoDB: highest supported file format is Barracuda.
InnoDB: The log sequence number in ibdata files does not match
InnoDB: the log sequence number in the ib_logfiles!
220428 14:47:23  InnoDB: Database was not shut down normally!
InnoDB: Starting crash recovery.
InnoDB: Reading tablespace information from the .ibd files...
InnoDB: Restoring possible half-written data pages from the doublewrite
InnoDB: buffer...
220428 14:47:23  InnoDB: Waiting for the background threads to start
220428 14:47:24 InnoDB: 5.5.53 started; log sequence number 1765112
220428 14:47:24 [Note] Server hostname (bind-address): '0.0.0.0'; port: 3306
220428 14:47:24 [Note]   - '0.0.0.0' resolves to '0.0.0.0';
220428 14:47:24 [Note] Server socket created on IP: '0.0.0.0'.
220428 14:47:24 [ERROR] Can't start server: Bind on TCP/IP port: No such file or directory
220428 14:47:24 [ERROR] Do you already have another mysqld server running on port: 3306 ?
220428 14:47:24 [ERROR] Aborting

220428 14:47:24  InnoDB: Starting shutdown...
220428 14:47:24  InnoDB: Shutdown completed; log sequence number 1765112
220428 14:47:24 [Note] E:\phpStudy\PHPTutorial\MySQL\bin\mysqld.exe: Shutdown complete

220428 14:49:04 [Note] Plugin 'FEDERATED' is disabled.
220428 14:49:04 InnoDB: The InnoDB memory heap is disabled
220428 14:49:04 InnoDB: Mutexes and rw_locks use Windows interlocked functions
220428 14:49:04 InnoDB: Compressed tables use zlib 1.2.3
220428 14:49:04 InnoDB: Initializing buffer pool, size = 47.0M
220428 14:49:04 InnoDB: Completed initialization of buffer pool
220428 14:49:04 InnoDB: highest supported file format is Barracuda.
220428 14:49:04  InnoDB: Waiting for the background threads to start
220428 14:49:05 InnoDB: 5.5.53 started; log sequence number 1765112
220428 14:49:05 [Note] Server hostname (bind-address): '0.0.0.0'; port: 3306
220428 14:49:05 [Note]   - '0.0.0.0' resolves to '0.0.0.0';
220428 14:49:05 [Note] Server socket created on IP: '0.0.0.0'.
220428 14:49:05 [ERROR] Can't start server: Bind on TCP/IP port: No such file or directory
220428 14:49:05 [ERROR] Do you already have another mysqld server running on port: 3306 ?
220428 14:49:05 [ERROR] Aborting

220428 14:49:05  InnoDB: Starting shutdown...
220428 14:49:05  InnoDB: Shutdown completed; log sequence number 1765112
220428 14:49:05 [Note] E:\phpStudy\PHPTutorial\MySQL\bin\mysqld.exe: Shutdown complete

220428 14:49:34 [Note] Plugin 'FEDERATED' is disabled.
220428 14:49:34 InnoDB: The InnoDB memory heap is disabled
220428 14:49:34 InnoDB: Mutexes and rw_locks use Windows interlocked functions
220428 14:49:34 InnoDB: Compressed tables use zlib 1.2.3
220428 14:49:34 InnoDB: Initializing buffer pool, size = 47.0M
220428 14:49:34 InnoDB: Completed initialization of buffer pool
220428 14:49:34 InnoDB: highest supported file format is Barracuda.
220428 14:49:34  InnoDB: Waiting for the background threads to start
220428 14:49:35 InnoDB: 5.5.53 started; log sequence number 1765112
220428 14:49:35 [Note] Server hostname (bind-address): '0.0.0.0'; port: 3306
220428 14:49:35 [Note]   - '0.0.0.0' resolves to '0.0.0.0';
220428 14:49:35 [Note] Server socket created on IP: '0.0.0.0'.
220428 14:49:35 [ERROR] Can't start server: Bind on TCP/IP port: No such file or directory
220428 14:49:35 [ERROR] Do you already have another mysqld server running on port: 3306 ?
220428 14:49:35 [ERROR] Aborting

220428 14:49:35  InnoDB: Starting shutdown...
220428 14:49:35  InnoDB: Shutdown completed; log sequence number 1765112
220428 14:49:35 [Note] E:\phpStudy\PHPTutorial\MySQL\bin\mysqld.exe: Shutdown complete

220428 14:50:38 [Note] Plugin 'FEDERATED' is disabled.
220428 14:50:38 InnoDB: The InnoDB memory heap is disabled
220428 14:50:38 InnoDB: Mutexes and rw_locks use Windows interlocked functions
220428 14:50:38 InnoDB: Compressed tables use zlib 1.2.3
220428 14:50:38 InnoDB: Initializing buffer pool, size = 47.0M
220428 14:50:38 InnoDB: Completed initialization of buffer pool
220428 14:50:38 InnoDB: highest supported file format is Barracuda.
220428 14:50:38  InnoDB: Waiting for the background threads to start
220428 14:50:39 InnoDB: 5.5.53 started; log sequence number 1765112
220428 14:50:39 [Note] Server hostname (bind-address): '0.0.0.0'; port: 3306
220428 14:50:39 [Note]   - '0.0.0.0' resolves to '0.0.0.0';
220428 14:50:39 [Note] Server socket created on IP: '0.0.0.0'.
